<?xml version="1.0" encoding="UTF-8"?>
<testng-results ignored="0" total="1" passed="1" failed="0" skipped="0">
  <reporter-output>
  </reporter-output>
  <suite started-at="2023-11-01T14:25:30 IST" name="Default suite" finished-at="2023-11-01T14:25:37 IST" duration-ms="6204">
    <groups>
    </groups>
    <test started-at="2023-11-01T14:25:30 IST" name="Default test" finished-at="2023-11-01T14:25:37 IST" duration-ms="6204">
      <class name="testpkg.Fblogintest">
        <test-method is-config="true" signature="setUp()[pri:0, instance:testpkg.Fblogintest@51e69659]" started-at="2023-11-01T14:25:30 IST" name="setUp" finished-at="2023-11-01T14:25:36 IST" duration-ms="5758" status="PASS">
          <reporter-output>
          </reporter-output>
        </test-method> <!-- setUp -->
        <test-method signature="test()[pri:0, instance:testpkg.Fblogintest@51e69659]" started-at="2023-11-01T14:25:36 IST" name="test" finished-at="2023-11-01T14:25:37 IST" duration-ms="361" status="PASS">
          <reporter-output>
          </reporter-output>
        </test-method> <!-- test -->
      </class> <!-- testpkg.Fblogintest -->
    </test> <!-- Default test -->
  </suite> <!-- Default suite -->
</testng-results>
